Build started 3/10/2012 6:31:07 PM.
     1>Project "C:\Users\Mr. Nukealizer\Documents\Visual Studio 2010\Projects\SC2 External maphack\fasmdll_managed_Source\fasmdll_managed\fasmdll_managed.vcxproj" on node 2 (rebuild target(s)).
     1>_PrepareForClean:
         Deleting file "bin\Debug\fasmdll_managed.lastbuildstate".
       InitializeBuildStatus:
         Creating "bin\Debug\fasmdll_managed.unsuccessfulbuild" because "AlwaysCreate" was specified.
       GenerateTargetFrameworkMonikerAttribute:
       Skipping target "GenerateTargetFrameworkMonikerAttribute" because all output files are up-to-date with respect to the input files.
       ClCompile:
         c:\Program Files (x86)\Microsoft Visual Studio 10.0\VC\bin\CL.exe /c /AI"C:\Program Files (x86)\Reference Assemblies\Microsoft\Framework\.NETFramework\v4.0" /Zi /clr /nologo /W3 /WX- /Od /Oy- /D WIN32 /D _DEBUG /D _WINDLL /D _MBCS /EHa /MDd /GS /fp:precise /Zc:wchar_t /Zc:forScope /Fo"bin\Debug\\" /Fd"bin\Debug\vc100.pdb" /TP /FU"C:\Program Files (x86)\Reference Assemblies\Microsoft\Framework\.NETFramework\v4.0\System.Core.dll" /FU"C:\Program Files (x86)\Reference Assemblies\Microsoft\Framework\.NETFramework\v4.0\System.Data.dll" /FU"C:\Program Files (x86)\Reference Assemblies\Microsoft\Framework\.NETFramework\v4.0\System.dll" /FU"C:\Program Files (x86)\Reference Assemblies\Microsoft\Framework\.NETFramework\v4.0\System.Xml.dll" /analyze- /errorReport:prompt AssemblyInfo.cpp fasmdll_managed.cpp /clr:nostdlib 
         AssemblyInfo.cpp
         fasmdll_managed.cpp
     1>fasmdll_managed.cpp(169): warning C4800: 'BOOL' : forcing value to bool 'true' or 'false' (performance warning)
         Generating Code...
         c:\Program Files (x86)\Microsoft Visual Studio 10.0\VC\bin\CL.exe /c /Zi /clr /nologo /W3 /WX- /Od /Oy- /D WIN32 /D _DEBUG /D _WINDLL /D _MBCS /EHa /MDd /GS /fp:precise /Zc:wchar_t /Zc:forScope /Fo"bin\Debug\\" /Fd"bin\Debug\vc100.pdb" /TP /analyze- /errorReport:prompt "C:\Users\Mr. Nukealizer\AppData\Local\Temp\.NETFramework,Version=v4.0.AssemblyAttributes.cpp"
         .NETFramework,Version=v4.0.AssemblyAttributes.cpp
       Link:
         c:\Program Files (x86)\Microsoft Visual Studio 10.0\VC\bin\link.exe /ERRORREPORT:PROMPT /OUT:"..\..\bin\Debug\fasmdll_managed.dll" /INCREMENTAL /NOLOGO FASM.OBJ kernel32.lib user32.lib gdi32.lib winspool.lib comdlg32.lib advapi32.lib shell32.lib ole32.lib oleaut32.lib uuid.lib odbc32.lib odbccp32.lib /MANIFEST /ManifestFile:"bin\Debug\fasmdll_managed.dll.intermediate.manifest" /MANIFESTUAC:"level='asInvoker' uiAccess='false'" /DEBUG /PDB:"C:\Users\Mr. Nukealizer\Documents\Visual Studio 2010\Projects\SC2 External maphack\bin\Debug\fasmdll_managed.pdb" /ASSEMBLYDEBUG /TLBID:1 /DYNAMICBASE /FIXED:NO /NXCOMPAT /MACHINE:X86 /DLL bin\Debug\AssemblyInfo.obj
         bin\Debug\fasmdll_managed.obj
         "bin\Debug\.NETFramework,Version=v4.0.AssemblyAttributes.obj"
         fasmdll_managed.vcxproj -> C:\Users\Mr. Nukealizer\Documents\Visual Studio 2010\Projects\SC2 External maphack\fasmdll_managed_Source\fasmdll_managed\..\..\bin\Debug\fasmdll_managed.dll
       Manifest:
         C:\Program Files (x86)\Microsoft SDKs\Windows\v7.0A\bin\mt.exe /nologo /verbose /outputresource:"..\..\bin\Debug\fasmdll_managed.dll;#2" /manifest bin\Debug\fasmdll_managed.dll.intermediate.manifest
       FinalizeBuildStatus:
         Deleting file "bin\Debug\fasmdll_managed.unsuccessfulbuild".
         Touching "bin\Debug\fasmdll_managed.lastbuildstate".
     1>Done Building Project "C:\Users\Mr. Nukealizer\Documents\Visual Studio 2010\Projects\SC2 External maphack\fasmdll_managed_Source\fasmdll_managed\fasmdll_managed.vcxproj" (rebuild target(s)).

Project Performance Summary:
     5892 ms  C:\Users\Mr. Nukealizer\Documents\Visual Studio 2010\Projects\SC2 External maphack\fasmdll_managed_Source\fasmdll_managed\fasmdll_managed.vcxproj   1 calls
               5892 ms  rebuild                                    1 calls

Target Performance Summary:
        0 ms  _PrepareForBuild                           1 calls
        0 ms  CleanReferencedProjects                    1 calls
        0 ms  MakeDirsForLink                            1 calls
        0 ms  SelectCustomBuild                          1 calls
        0 ms  _Midl                                      1 calls
        0 ms  AfterResourceCompile                       1 calls
        0 ms  ResolveReferences                          1 calls
        0 ms  ComputeCLOutputs                           1 calls
        0 ms  SelectClCompile                            1 calls
        0 ms  MetaGenInputsOutputs                       1 calls
        0 ms  _CheckForCompileOutputs                    1 calls
        0 ms  _ClCompile                                 1 calls
        0 ms  AfterMidl                                  1 calls
        0 ms  BeforeResourceCompile                      1 calls
        0 ms  ComputeCLCompileGeneratedXDCFiles          1 calls
        0 ms  CppClean                                   1 calls
        0 ms  BeforeClean                                1 calls
        0 ms  GetCopyToOutputDirectoryItems              1 calls
        0 ms  AfterCppClean                              1 calls
        0 ms  GetReferenceAssemblyPaths                  1 calls
        0 ms  _Manifest                                  1 calls
        0 ms  AfterBuildCompileEvent                     1 calls
        0 ms  ComputeMIDLGeneratedCompileInputs          1 calls
        0 ms  AfterClCompile                             1 calls
        0 ms  CreateSatelliteAssemblies                  1 calls
        0 ms  _Xsd                                       1 calls
        0 ms  BeforeRebuild                              1 calls
        0 ms  _Deploy                                    1 calls
        0 ms  ComputeCLCompileGeneratedSbrFiles          1 calls
        0 ms  PGInstrumentedClean                        1 calls
        0 ms  AfterLink                                  1 calls
        0 ms  ComputeCLInputPDBName                      1 calls
        0 ms  _DetermineManagedStateFromCL               1 calls
        0 ms  ComputeRCOutputs                           1 calls
        0 ms  AfterBuild                                 1 calls
        0 ms  MakeDirsForResourceCompile                 1 calls
        0 ms  AfterClean                                 1 calls
        0 ms  Rebuild                                    1 calls
        0 ms  MakeDirsForManifest                        1 calls
        0 ms  ResolvedXDCMake                            1 calls
        0 ms  Clean                                      1 calls
        0 ms  PostBuildEvent                             1 calls
        0 ms  ComputeLinkInputsFromProject               1 calls
        0 ms  _ResourceCompile                           1 calls
        0 ms  BeforeCppClean                             1 calls
        0 ms  _GenerateXMLData                           1 calls
        0 ms  BuildLinkTraverse                          1 calls
        0 ms  MakeDirsForMidl                            1 calls
        0 ms  PreBuildEvent                              1 calls
        0 ms  AfterBuildGenerateSources                  1 calls
        0 ms  AfterRebuild                               1 calls
        0 ms  _Appverifier                               1 calls
        0 ms  ComputeManifestGeneratedLinkerInputs       1 calls
        0 ms  BeforeClCompile                            1 calls
        0 ms  AfterBuildGenerateSourcesEvent             1 calls
        0 ms  _SelectedFiles                             1 calls
        0 ms  BeforeResolveReferences                    1 calls
        0 ms  AfterResolveReferences                     1 calls
        0 ms  ComputeManifestInputsTargets               1 calls
        0 ms  BuildGenerateSources                       1 calls
        0 ms  ResolveProjectReferences                   1 calls
        0 ms  PrepareResourceNames                       1 calls
        0 ms  _SplitProjectReferencesByFileExistence     1 calls
        0 ms  ComputeMetaGenInputs                       1 calls
        0 ms  _Link                                      1 calls
        0 ms  Build                                      1 calls
        0 ms  _ALink                                     1 calls
        0 ms  MakeDirsForBscMake                         1 calls
        0 ms  _BscMake                                   1 calls
        0 ms  PlatformPrepareForBuild                    1 calls
        0 ms  BuildLink                                  1 calls
        0 ms  _GenerateWebServiceProxy                   1 calls
        0 ms  _PrepareForRebuild                         1 calls
        0 ms  CopyFilesToOutputDirectory                 1 calls
        0 ms  MakeDirsForXdcMake                         1 calls
        0 ms  BeforeLink                                 1 calls
        0 ms  BeforeBuildGenerateSources                 1 calls
        0 ms  BuildCompile                               1 calls
        0 ms  _XdcMake                                   1 calls
        0 ms  PreLinkEvent                               1 calls
        0 ms  ComputeRCGeneratedLinkInputs               1 calls
        0 ms  _CopySourceItemsToOutputDirectory          1 calls
        1 ms  RegisterOutput                             1 calls
        1 ms  BuildGenerateSourcesTraverse               1 calls
        1 ms  GetFrameworkPaths                          1 calls
        1 ms  CleanPublishFolder                         1 calls
        1 ms  SplitResourcesByCulture                    1 calls
        1 ms  DoLinkOutputFilesMatch                     1 calls
        1 ms  ComputeCustomBuildOutput                   1 calls
        1 ms  MakeDirsForCl                              1 calls
        1 ms  PrepareForBuild                            1 calls
        1 ms  AssignTargetPaths                          1 calls
        1 ms  CreateCustomManifestResourceNames          1 calls
        1 ms  ComputeLinkImportLibraryOutputsForClean    1 calls
        1 ms  _GenerateSatelliteAssemblyInputs           1 calls
        1 ms  _DetermineManagedStateForLink              1 calls
        2 ms  ComputeReferenceCLInput                    1 calls
        2 ms  _PrepareForClean                           1 calls
        2 ms  CoreClean                                  1 calls
        9 ms  _CheckForInvalidConfigurationAndPlatform   1 calls
       12 ms  FinalizeBuildStatus                        1 calls
       15 ms  ComputeCLGeneratedLinkInputs               1 calls
       16 ms  BuildCompileTraverse                       1 calls
       17 ms  SetBuildDefaultEnvironmentVariables        1 calls
       23 ms  GenerateTargetFrameworkMonikerAttribute    1 calls
       33 ms  ResolveAssemblyReferences                  1 calls
       53 ms  ManagedIncrementalBuildPreProcessDependencyGraph   1 calls
      115 ms  CoreCppClean                               1 calls
      149 ms  InitializeBuildStatus                      1 calls
      252 ms  MetaGen                                    1 calls
      283 ms  Manifest                                   1 calls
      300 ms  ManagedIncrementalBuildPostProcessDependencyGraph   1 calls
      815 ms  Link                                       1 calls
     3777 ms  ClCompile                                  1 calls

Task Performance Summary:
        0 ms  MakeDir                                   12 calls
        0 ms  FindUnderPath                              2 calls
        0 ms  AssignTargetPath                           5 calls
        0 ms  AssignCulture                              1 calls
        0 ms  RemoveDuplicates                           1 calls
        1 ms  ReadLinesFromFile                          2 calls
        2 ms  Delete                                     6 calls
        2 ms  Message                                    3 calls
        3 ms  WriteLinesToFile                           4 calls
       16 ms  SetEnv                                     4 calls
       33 ms  ResolveAssemblyReference                   1 calls
       39 ms  CppClean                                   1 calls
       53 ms  MIBPreProcessDependencyGraph               1 calls
      130 ms  Touch                                      2 calls
      252 ms  METAGEN                                    1 calls
      282 ms  Mt                                         1 calls
      300 ms  MIBPostProcessDependencyGraph              1 calls
      814 ms  Link                                       1 calls
     3627 ms  CL                                         2 calls

Build succeeded.

Time Elapsed 00:00:05.88
