..\..\bin\Debug\fasmdll_managed.ilk
..\..\bin\Debug\fasmdll_managed.pdb
C:\USERS\MR. NUKEALIZER\DOCUMENTS\VISUAL STUDIO 2010\PROJECTS\SC2 EXTERNAL MAPHACK\BIN\DEBUG\FASMDLL_MANAGED.DLL
C:\USERS\MR. NUKEALIZER\DOCUMENTS\VISUAL STUDIO 2010\PROJECTS\SC2 EXTERNAL MAPHACK\BIN\DEBUG\FASMDLL_MANAGED.ILK
C:\USERS\MR. NUKEALIZER\DOCUMENTS\VISUAL STUDIO 2010\PROJECTS\SC2 EXTERNAL MAPHACK\BIN\DEBUG\FASMDLL_MANAGED.PDB
C:\Users\Mr. Nukealizer\Documents\Visual Studio 2010\Projects\SC2 External maphack\fasmdll_managed_Source\fasmdll_managed\..\..\bin\Debug\fasmdll_managed.dll
C:\USERS\MR. NUKEALIZER\DOCUMENTS\VISUAL STUDIO 2010\PROJECTS\SC2 EXTERNAL MAPHACK\FASMDLL_MANAGED_SOURCE\FASMDLL_MANAGED\BIN\DEBUG\.NETFRAMEWORK,VERSION=V4.0.ASSEMBLYATTRIBUTES.OBJ
C:\USERS\MR. NUKEALIZER\DOCUMENTS\VISUAL STUDIO 2010\PROJECTS\SC2 EXTERNAL MAPHACK\FASMDLL_MANAGED_SOURCE\FASMDLL_MANAGED\BIN\DEBUG\ASSEMBLYINFO.OBJ
C:\Users\Mr. Nukealizer\Documents\Visual Studio 2010\Projects\SC2 External maphack\fasmdll_managed_Source\fasmdll_managed\bin\Debug\cl.command.1.tlog
C:\Users\Mr. Nukealizer\Documents\Visual Studio 2010\Projects\SC2 External maphack\fasmdll_managed_Source\fasmdll_managed\bin\Debug\CL.read.1.tlog
C:\Users\Mr. Nukealizer\Documents\Visual Studio 2010\Projects\SC2 External maphack\fasmdll_managed_Source\fasmdll_managed\bin\Debug\CL.write.1.tlog
C:\USERS\MR. NUKEALIZER\DOCUMENTS\VISUAL STUDIO 2010\PROJECTS\SC2 EXTERNAL MAPHACK\FASMDLL_MANAGED_SOURCE\FASMDLL_MANAGED\BIN\DEBUG\FASMDLL_MANAGED.DLL.INTERMEDIATE.MANIFEST
C:\Users\Mr. Nukealizer\Documents\Visual Studio 2010\Projects\SC2 External maphack\fasmdll_managed_Source\fasmdll_managed\bin\Debug\fasmdll_managed.ilk
C:\USERS\MR. NUKEALIZER\DOCUMENTS\VISUAL STUDIO 2010\PROJECTS\SC2 EXTERNAL MAPHACK\FASMDLL_MANAGED_SOURCE\FASMDLL_MANAGED\BIN\DEBUG\FASMDLL_MANAGED.OBJ
C:\Users\Mr. Nukealizer\Documents\Visual Studio 2010\Projects\SC2 External maphack\fasmdll_managed_Source\fasmdll_managed\bin\Debug\fasmdll_managed.pdb
C:\Users\Mr. Nukealizer\Documents\Visual Studio 2010\Projects\SC2 External maphack\fasmdll_managed_Source\fasmdll_managed\bin\Debug\fasmdll_managed.write.1.tlog
C:\Users\Mr. Nukealizer\Documents\Visual Studio 2010\Projects\SC2 External maphack\fasmdll_managed_Source\fasmdll_managed\bin\Debug\link.5056.read.1.tlog
C:\Users\Mr. Nukealizer\Documents\Visual Studio 2010\Projects\SC2 External maphack\fasmdll_managed_Source\fasmdll_managed\bin\Debug\link.5056.write.1.tlog
C:\Users\Mr. Nukealizer\Documents\Visual Studio 2010\Projects\SC2 External maphack\fasmdll_managed_Source\fasmdll_managed\bin\Debug\link.6084.read.1.tlog
C:\Users\Mr. Nukealizer\Documents\Visual Studio 2010\Projects\SC2 External maphack\fasmdll_managed_Source\fasmdll_managed\bin\Debug\link.6084.write.1.tlog
C:\Users\Mr. Nukealizer\Documents\Visual Studio 2010\Projects\SC2 External maphack\fasmdll_managed_Source\fasmdll_managed\bin\Debug\link.6200.read.1.tlog
C:\Users\Mr. Nukealizer\Documents\Visual Studio 2010\Projects\SC2 External maphack\fasmdll_managed_Source\fasmdll_managed\bin\Debug\link.6200.write.1.tlog
C:\Users\Mr. Nukealizer\Documents\Visual Studio 2010\Projects\SC2 External maphack\fasmdll_managed_Source\fasmdll_managed\bin\Debug\link.command.1.tlog
C:\Users\Mr. Nukealizer\Documents\Visual Studio 2010\Projects\SC2 External maphack\fasmdll_managed_Source\fasmdll_managed\bin\Debug\link.read.1.tlog
C:\Users\Mr. Nukealizer\Documents\Visual Studio 2010\Projects\SC2 External maphack\fasmdll_managed_Source\fasmdll_managed\bin\Debug\link.write.1.tlog
C:\Users\Mr. Nukealizer\Documents\Visual Studio 2010\Projects\SC2 External maphack\fasmdll_managed_Source\fasmdll_managed\bin\Debug\metagen.read.1.tlog
C:\Users\Mr. Nukealizer\Documents\Visual Studio 2010\Projects\SC2 External maphack\fasmdll_managed_Source\fasmdll_managed\bin\Debug\metagen.write.1.tlog
C:\Users\Mr. Nukealizer\Documents\Visual Studio 2010\Projects\SC2 External maphack\fasmdll_managed_Source\fasmdll_managed\bin\Debug\mt.command.1.tlog
C:\Users\Mr. Nukealizer\Documents\Visual Studio 2010\Projects\SC2 External maphack\fasmdll_managed_Source\fasmdll_managed\bin\Debug\mt.read.1.tlog
C:\Users\Mr. Nukealizer\Documents\Visual Studio 2010\Projects\SC2 External maphack\fasmdll_managed_Source\fasmdll_managed\bin\Debug\mt.write.1.tlog
C:\Users\Mr. Nukealizer\Documents\Visual Studio 2010\Projects\SC2 External maphack\fasmdll_managed_Source\fasmdll_managed\bin\Debug\RSAENH.DLL.bi
C:\Users\Mr. Nukealizer\Documents\Visual Studio 2010\Projects\SC2 External maphack\fasmdll_managed_Source\fasmdll_managed\bin\Debug\TZRES.DLL.bi
C:\USERS\MR. NUKEALIZER\DOCUMENTS\VISUAL STUDIO 2010\PROJECTS\SC2 EXTERNAL MAPHACK\FASMDLL_MANAGED_SOURCE\FASMDLL_MANAGED\BIN\DEBUG\VC100.PDB
